<?xml version="1.0" encoding="UTF-8"?>
<testng-results ignored="0" total="1" passed="1" failed="0" skipped="0">
  <reporter-output>
  </reporter-output>
  <suite started-at="2022-06-28T10:45:31 IST" name="Surefire suite" finished-at="2022-06-28T10:45:44 IST" duration-ms="13043">
    <groups>
    </groups>
    <test started-at="2022-06-28T10:45:31 IST" name="Surefire test" finished-at="2022-06-28T10:45:44 IST" duration-ms="13043">
      <class name="com.quest.testing.PositiveTest">
        <test-method signature="LoginTest()[pri:0, instance:com.quest.testing.PositiveTest@272ed83b]" started-at="2022-06-28T10:45:31 IST" name="LoginTest" finished-at="2022-06-28T10:45:44 IST" duration-ms="13007" status="PASS">
          <reporter-output>
          </reporter-output>
        </test-method> <!-- LoginTest -->
      </class> <!-- com.quest.testing.PositiveTest -->
    </test> <!-- Surefire test -->
  </suite> <!-- Surefire suite -->
</testng-results>
